<?xml version="1.0" encoding="UTF-8"?>
<testsuite xmlns:xsi="http://www.w3.org/2001/XMLSchema-instance" xsi:noNamespaceSchemaLocation="https://maven.apache.org/surefire/maven-surefire-plugin/xsd/surefire-test-report-3.0.xsd" version="3.0" name="com.hodvidar.insuratradeflow.InsuraTradeFlowApplicationTests" time="4.235" tests="1" errors="0" skipped="0" failures="0">
  <properties>
[...]
</properties>
  <testcase name="contextLoads" classname="com.hodvidar.insuratradeflow.InsuraTradeFlowApplicationTests" time="0.006">
    <system-out><![CDATA[2023-11-21T16:29:44.131+01:00  INFO 11452 --- [           main] t.c.s.AnnotationConfigContextLoaderUtils : Could not detect default configuration classes for test class [com.hodvidar.insuratradeflow.InsuraTradeFlowApplicationTests]: InsuraTradeFlowApplicationTests does not declare any static, non-private, non-final, nested classes annotated with @Configuration.
2023-11-21T16:29:44.144+01:00  INFO 11452 --- [           main] .b.t.c.SpringBootTestContextBootstrapper : Found @SpringBootConfiguration com.hodvidar.insuratradeflow.InsuraTradeFlowApplication for test class com.hodvidar.insuratradeflow.InsuraTradeFlowApplicationTests

  .   ____          _            __ _ _
 /\\ / ___'_ __ _ _(_)_ __  __ _ \ \ \ \
( ( )\___ | '_ | '_| | '_ \/ _` | \ \ \ \
 \\/  ___)| |_)| | | | | || (_| |  ) ) ) )
  '  |____| .__|_| |_|_| |_\__, | / / / /
 =========|_|==============|___/=/_/_/_/
 :: Spring Boot ::                (v3.1.4)

2023-11-21T16:29:44.231+01:00  INFO 11452 --- [           main] c.h.i.InsuraTradeFlowApplicationTests    : Starting InsuraTradeFlowApplicationTests using Java 21 with PID 11452 (started by achil in D:\w\InsuraTradeFlow)
2023-11-21T16:29:44.231+01:00  INFO 11452 --- [           main] c.h.i.InsuraTradeFlowApplicationTests    : The following 1 profile is active: "test"
2023-11-21T16:29:44.879+01:00  INFO 11452 --- [           main] .s.d.r.c.RepositoryConfigurationDelegate : Bootstrapping Spring Data JPA repositories in DEFAULT mode.
2023-11-21T16:29:44.948+01:00  INFO 11452 --- [           main] .s.d.r.c.RepositoryConfigurationDelegate : Finished Spring Data repository scanning in 59 ms. Found 1 JPA repository interfaces.
2023-11-21T16:29:45.261+01:00  INFO 11452 --- [           main] com.zaxxer.hikari.HikariDataSource       : HikariPool-1 - Starting...
2023-11-21T16:29:45.493+01:00  INFO 11452 --- [           main] com.zaxxer.hikari.pool.HikariPool        : HikariPool-1 - Added connection conn0: url=jdbc:h2:mem:testdb user=SA
2023-11-21T16:29:45.495+01:00  INFO 11452 --- [           main] com.zaxxer.hikari.HikariDataSource       : HikariPool-1 - Start completed.
2023-11-21T16:29:45.548+01:00  INFO 11452 --- [           main] liquibase.database                       : Set default schema name to PUBLIC
2023-11-21T16:29:46.017+01:00  INFO 11452 --- [           main] liquibase.changelog                      : Creating database history table with name: PUBLIC.DATABASECHANGELOG
2023-11-21T16:29:46.143+01:00  INFO 11452 --- [           main] liquibase.changelog                      : Reading from PUBLIC.DATABASECHANGELOG
2023-11-21T16:29:46.205+01:00  INFO 11452 --- [           main] liquibase.lockservice                    : Successfully acquired change log lock
2023-11-21T16:29:46.206+01:00  INFO 11452 --- [           main] liquibase.command                        : Using deploymentId: 0580586206
2023-11-21T16:29:46.208+01:00  INFO 11452 --- [           main] liquibase.changelog                      : Reading from PUBLIC.DATABASECHANGELOG
Running Changeset: db/changelog/db.changelog-master.xml::1::Achille Genet
2023-11-21T16:29:46.252+01:00  INFO 11452 --- [           main] liquibase.changelog                      : Table insurance_policies created
2023-11-21T16:29:46.253+01:00  INFO 11452 --- [           main] liquibase.changelog                      : ChangeSet db/changelog/db.changelog-master.xml::1::Achille Genet ran successfully in 11ms
2023-11-21T16:29:46.269+01:00  INFO 11452 --- [           main] liquibase.util                           : UPDATE SUMMARY
2023-11-21T16:29:46.269+01:00  INFO 11452 --- [           main] liquibase.util                           : Run:                          1
2023-11-21T16:29:46.269+01:00  INFO 11452 --- [           main] liquibase.util                           : Previously run:               0
2023-11-21T16:29:46.269+01:00  INFO 11452 --- [           main] liquibase.util                           : Filtered out:                 0
2023-11-21T16:29:46.269+01:00  INFO 11452 --- [           main] liquibase.util                           : -------------------------------
2023-11-21T16:29:46.269+01:00  INFO 11452 --- [           main] liquibase.util                           : Total change sets:            1
2023-11-21T16:29:46.269+01:00  INFO 11452 --- [           main] liquibase.util                           : Update summary generated
2023-11-21T16:29:46.273+01:00  INFO 11452 --- [           main] liquibase.command                        : Update command completed successfully.
Liquibase: Update has been successful. Rows affected: 1
2023-11-21T16:29:46.276+01:00  INFO 11452 --- [           main] liquibase.lockservice                    : Successfully released change log lock
2023-11-21T16:29:46.276+01:00  INFO 11452 --- [           main] liquibase.command                        : Command execution complete
2023-11-21T16:29:46.379+01:00  INFO 11452 --- [           main] o.hibernate.jpa.internal.util.LogHelper  : HHH000204: Processing PersistenceUnitInfo [name: default]
2023-11-21T16:29:46.448+01:00  INFO 11452 --- [           main] org.hibernate.Version                    : HHH000412: Hibernate ORM core version 6.2.9.Final
2023-11-21T16:29:46.450+01:00  INFO 11452 --- [           main] org.hibernate.cfg.Environment            : HHH000406: Using bytecode reflection optimizer
2023-11-21T16:29:46.576+01:00  INFO 11452 --- [           main] o.h.b.i.BytecodeProviderInitiator        : HHH000021: Bytecode provider name : bytebuddy
2023-11-21T16:29:46.584+01:00  INFO 11452 --- [           main] o.s.o.j.p.SpringPersistenceUnitInfo      : No LoadTimeWeaver setup: ignoring JPA class transformer
2023-11-21T16:29:46.854+01:00  INFO 11452 --- [           main] o.h.b.i.BytecodeProviderInitiator        : HHH000021: Bytecode provider name : bytebuddy
2023-11-21T16:29:47.298+01:00  INFO 11452 --- [           main] o.h.e.t.j.p.i.JtaPlatformInitiator       : HHH000490: Using JtaPlatform implementation: [org.hibernate.engine.transaction.jta.platform.internal.NoJtaPlatform]
2023-11-21T16:29:47.324+01:00  INFO 11452 --- [           main] j.LocalContainerEntityManagerFactoryBean : Initialized JPA EntityManagerFactory for persistence unit 'default'
2023-11-21T16:29:47.807+01:00  WARN 11452 --- [           main] JpaBaseConfiguration$JpaWebConfiguration : spring.jpa.open-in-view is enabled by default. Therefore, database queries may be performed during view rendering. Explicitly configure spring.jpa.open-in-view to disable this warning
2023-11-21T16:29:47.815+01:00  WARN 11452 --- [           main] o.s.security.core.userdetails.User       : User.withDefaultPasswordEncoder() is considered unsafe for production and is only intended for sample applications.
2023-11-21T16:29:47.951+01:00  INFO 11452 --- [           main] o.s.s.web.DefaultSecurityFilterChain     : Will secure any request with [org.springframework.security.web.session.DisableEncodeUrlFilter@797a5b31, org.springframework.security.web.context.request.async.WebAsyncManagerIntegrationFilter@13d7d1a8, org.springframework.security.web.context.SecurityContextHolderFilter@3d0c88f4, org.springframework.security.web.header.HeaderWriterFilter@4a03c4bc, org.springframework.security.web.authentication.logout.LogoutFilter@5d41b929, org.springframework.security.web.authentication.www.BasicAuthenticationFilter@292237cd, org.springframework.security.web.savedrequest.RequestCacheAwareFilter@5aad4194, org.springframework.security.web.servletapi.SecurityContextHolderAwareRequestFilter@50a1c2f3, org.springframework.security.web.authentication.AnonymousAuthenticationFilter@60035f1e, org.springframework.security.web.access.ExceptionTranslationFilter@11736ebc, org.springframework.security.web.access.intercept.AuthorizationFilter@333813e7]
2023-11-21T16:29:48.353+01:00  INFO 11452 --- [           main] c.h.i.InsuraTradeFlowApplicationTests    : Started InsuraTradeFlowApplicationTests in 4.197 seconds (process running for 8.737)
]]></system-out>
  </testcase>
</testsuite>